# BACKTRACKING
python backtracking_n_queens.py -n 4
Encontradas 2 soluções em 0.0529289245605 ms.
Resolvidos 17 subproblemas.
python backtracking_n_queens.py -n 5
Encontradas 10 soluções em 0.16188621521 ms.
Resolvidos 54 subproblemas.
python backtracking_n_queens.py -n 6
Encontradas 4 soluções em 0.48303604126 ms.
Resolvidos 153 subproblemas.
python backtracking_n_queens.py -n 7
Encontradas 40 soluções em 1.97696685791 ms.
Resolvidos 552 subproblemas.
python backtracking_n_queens.py -n 8
Encontradas 92 soluções em 9.26899909973 ms.
Resolvidos 2057 subproblemas.
python backtracking_n_queens.py -n 9
Encontradas 352 soluções em 31.1899185181 ms.
Resolvidos 8394 subproblemas.
python backtracking_n_queens.py -n 10
Encontradas 724 soluções em 160.50195694 ms.
Resolvidos 35539 subproblemas.
python backtracking_n_queens.py -n 11
Encontradas 2680 soluções em 739.953994751 ms.
Resolvidos 166926 subproblemas.
python backtracking_n_queens.py -n 12
Encontradas 14200 soluções em 4067.37613678 ms.
Resolvidos 856189 subproblemas.
python backtracking_n_queens.py -n 13
Encontradas 73712 soluções em 24093.3759212 ms.
Resolvidos 4674890 subproblemas.
python backtracking_n_queens.py -n 14
Encontradas 365596 soluções em 149156.430006 ms.
Resolvidos 27358553 subproblemas.
python backtracking_n_queens.py -n 15
Encontradas 2279184 soluções em 905307.836056 ms.
Resolvidos 171129072 subproblemas.
python backtracking_n_queens.py -n 16
Encontradas 14772512 soluções em 6364506.67596 ms.
Resolvidos 1141190303 subproblemas.

# DLX
python dlx_n_queens.py 4 0
Encontradas 2 soluções em 0.237941741943 ms.
Resolvidos 17 subproblemas. 
python dlx_n_queens.py 5 0
Encontradas 10 soluções em 0.744104385376 ms.
Resolvidos 54 subproblemas.
python dlx_n_queens.py 6 0
Encontradas 4 soluções em 2.47311592102 ms.
Resolvidos 153 subproblemas.
python dlx_n_queens.py 7 0
Encontradas 40 soluções em 10.0247859955 ms.
Resolvidos 552 subproblemas.
python dlx_n_queens.py 8 0
Encontradas 92 soluções em 31.0781002045 ms.
Resolvidos 2057 subproblemas.
python dlx_n_queens.py 9 0
Encontradas 352 soluções em 134.920120239 ms.
Resolvidos 8394 subproblemas.
python dlx_n_queens.py 10 0
Encontradas 724 soluções em 563.74001503 ms.
Resolvidos 35539 subproblemas.
python dlx_n_queens.py 11 0
Encontradas 2680 soluções em 2615.23103714 ms.
Resolvidos 166926 subproblemas.
python dlx_n_queens.py 12 0
Encontradas 14200 soluções em 13477.9319763 ms.
Resolvidos 856189 subproblemas.
python dlx_n_queens.py 13 0
Encontradas 73712 soluções em 79421.4830399 ms.
Resolvidos 4674890 subproblemas.
python dlx_n_queens.py 14 0
Encontradas 365596 soluções em 455339.304924 ms.
Resolvidos 27358553 subproblemas.
python dlx_n_queens.py 15 0
Encontradas 2279184 soluções em 3234598.81115 ms.
Resolvidos 171129072 subproblemas.
python dlx_n_queens.py 16 0
Encontradas 14772512 soluções em 20468219.81 ms.
Resolvidos 1141190303 subproblemas.

# DLX + S
python dlx_n_queens.py 4
Encontradas 2 soluções em 0.226974487305 ms.
Resolvidos 13 subproblemas.
python dlx_n_queens.py 5
Encontradas 10 soluções em 0.708103179932 ms.
Resolvidos 46 subproblemas.
python dlx_n_queens.py 6
Encontradas 4 soluções em 2.08687782288 ms.
Resolvidos 91 subproblemas.
python dlx_n_queens.py 7
Encontradas 40 soluções em 5.8012008667 ms.
Resolvidos 317 subproblemas.
python dlx_n_queens.py 8
Encontradas 92 soluções em 19.2968845367 ms.
Resolvidos 980 subproblemas.
python dlx_n_queens.py 9
Encontradas 352 soluções em 65.9201145172 ms.
Resolvidos 3504 subproblemas.
python dlx_n_queens.py 10
Encontradas 724 soluções em 255.95498085 ms.
Resolvidos 11959 subproblemas.
python dlx_n_queens.py 11
Encontradas 2680 soluções em 988.45076561 ms.
Resolvidos 45879 subproblemas.
python dlx_n_queens.py 12
Encontradas 14200 soluções em 4673.25615883 ms.
Resolvidos 213835 subproblemas.
python dlx_n_queens.py 13
Encontradas 73712 soluções em 21941.2138462 ms.
Resolvidos 1052203 subproblemas.
python dlx_n_queens.py 14
Encontradas 365596 soluções em 122343.62793 ms.
Resolvidos 5555787 subproblemas.
python dlx_n_queens.py 15
Encontradas 2279184 soluções em 775524.832964 ms.
Resolvidos 31208159 subproblemas.
python dlx_n_queens.py 16
Encontradas 14772512 soluções em 3852383.21304 ms.
Resolvidos 194103108 subproblemas.

# Alternative heuristic
N: 4
Encontradas 2 soluções em 0.865936279297 ms.
Resolvidos 13 subproblemas.
Efficiency: 0.153846153846
N: 5
Encontradas 6 soluções em 2.18605995178 ms.
Resolvidos 29 subproblemas.
Efficiency: 0.206896551724
N: 6
Encontradas 3 soluções em 6.01005554199 ms.
Resolvidos 68 subproblemas.
Efficiency: 0.0441176470588
N: 7
Encontradas 17 soluções em 11.9571685791 ms.
Resolvidos 143 subproblemas.
Efficiency: 0.118881118881
N: 8
Encontradas 40 soluções em 28.9030075073 ms.
Resolvidos 356 subproblemas.
Efficiency: 0.112359550562
N: 9
Encontradas 172 soluções em 144.106864929 ms.
Resolvidos 1398 subproblemas.
Efficiency: 0.123032904149
N: 10
Encontradas 264 soluções em 430.730104446 ms.
Resolvidos 3484 subproblemas.
Efficiency: 0.0757749712974
N: 11
Encontradas 1093 soluções em 1243.74508858 ms.
Resolvidos 15137 subproblemas.
Efficiency: 0.0722071744731
N: 12
Encontradas 3978 soluções em 2560.87112427 ms.
Resolvidos 48460 subproblemas.
Efficiency: 0.0820883202641
N: 13
Encontradas 17676 soluções em 7486.17982864 ms.
Resolvidos 201218 subproblemas.
Efficiency: 0.087845023805
N: 14
Encontradas 82177 soluções em 30048.6218929 ms.
Resolvidos 961543 subproblemas.
Efficiency: 0.0854636766114
N: 15
Encontradas 330187 soluções em 111487.495899 ms.
Resolvidos 3386786 subproblemas.
Efficiency: 0.0974927261421
N: 16
Encontradas 2266861 soluções em 679974.042177 ms.
Resolvidos 23676987 subproblemas.
Efficiency: 0.0957411092889
N: 17
Encontradas 5889940 soluções em 1786809.58891 ms.
Resolvidos 56628650 subproblemas.
Efficiency: 0.104009896051
N: 18
Encontradas 48420695 soluções em 14441692.744 ms.
Resolvidos 471888215 subproblemas.
Efficiency: 0.102610519739

Backtracking
4, 0.053, 17
5, 0.16, 54
6, 0.48, 153
7, 1.98, 552
8, 9.27, 2057
9, 31.19, 8394 
10, 160.50, 35539
11, 739.95, 166926
12, 4067.38, 856189
13, 24093.38, 4674890
14, 149156.43, 27358553
15, 905307.84, 171129072
16, 6364506.68, 1141190303 

DLX
4, 0.24, 17
5, 0.74, 54
6, 2.47, 153
7, 10.02, 552
8, 31.08, 2057
9, 134.92, 8394
10, 563.74, 35539
11, 2615.23, 166926
12, 13477.93, 856189
13, 79421.48, 4674890
14, 455339.30, 27358553
15, 3234598.81, 171129072
16, 20468219.73, 1141190303

DLX + S
4, 2, 0.23, 13
5, 10, 0.71, 46
6, 4, 2.09, 91
7, 40, 5.80, 317
8, 92, 19.30, 980
9, 352, 65.92, 3504
10, 724, 255.95, 11959
11, 2680, 988.45, 45879
12, 14200, 4673.26, 213835
13, 73712, 21941.21, 1052203
14, 365596, 122343.63, 5555787
15, 2279184, 775524.83, 31208159
16, 14772512, 3852383.21, 194103108

# Alternative heuristic
4, 2, 0.87, 13, 0.15
5, 6, 2.19, 29, 0.21
6, 3, 6.01, 68, 0.04
7, 17, 11.96, 143, 0.12
8, 40, 28.90, 356, 0.11
9, 172 144.11, 1398, 0.12
10, 264, 430.73, 3484, 0.08
11, 1093, 1243.75, 15137, 0.07
12, 3978, 2560.87, 48460, 0.08
13, 17676, 7486.18, 201218, 0.09
14, 82177, 30048.62, 961543, 0.09
15, 330187, 111487.50, 3386786, 0.10
16, 2266861, 679974.04, 23676987, 0.10
17, 5889940, 1786809.59, 56628650, 0.10
18, 48420695, 14441692.74, 471888215, 0.10
